Warning[205] D:\INFORMES V CICLO\MICROCONTROLADORES\LAB10\APLI2.ASM 2 : Found directive in column 1. (list)
Warning[205] D:\INFORMES V CICLO\MICROCONTROLADORES\LAB10\APLI2.ASM 3 : Found directive in column 1. (include)
Warning[205] D:\INFORMES V CICLO\MICROCONTROLADORES\LAB10\APLI2.ASM 4 : Found directive in column 1. (include)
Warning[207] D:\INFORMES V CICLO\MICROCONTROLADORES\LAB10\MACRO16F877.INC 131 : Found label after column 1. (InicioLcd)
Warning[207] D:\INFORMES V CICLO\MICROCONTROLADORES\LAB10\MACRO16F877.INC 135 : Found label after column 1. (ponerc)
Warning[207] D:\INFORMES V CICLO\MICROCONTROLADORES\LAB10\MACRO16F877.INC 140 : Found label after column 1. (putv)
Warning[207] D:\INFORMES V CICLO\MICROCONTROLADORES\LAB10\MACRO16F877.INC 145 : Found label after column 1. (cursor)
Warning[207] D:\INFORMES V CICLO\MICROCONTROLADORES\LAB10\MACRO16F877.INC 164 : Found label after column 1. (enter)
Warning[207] D:\INFORMES V CICLO\MICROCONTROLADORES\LAB10\MACRO16F877.INC 169 : Found label after column 1. (borralcd)
Warning[207] D:\INFORMES V CICLO\MICROCONTROLADORES\LAB10\MACRO16F877.INC 174 : Found label after column 1. (desplazaderecha)
Warning[207] D:\INFORMES V CICLO\MICROCONTROLADORES\LAB10\MACRO16F877.INC 179 : Found label after column 1. (desplazaizquierda)
Warning[205] D:\INFORMES V CICLO\MICROCONTROLADORES\LAB10\APLI2.ASM 5 : Found directive in column 1. (__config)
Warning[205] D:\INFORMES V CICLO\MICROCONTROLADORES\LAB10\APLI2.ASM 6 : Found directive in column 1. (cblock)
Warning[205] D:\INFORMES V CICLO\MICROCONTROLADORES\LAB10\APLI2.ASM 12 : Found directive in column 1. (ENDC)
Warning[205] D:\INFORMES V CICLO\MICROCONTROLADORES\LAB10\APLI2.ASM 13 : Found directive in column 1. (org)
Warning[203] D:\INFORMES V CICLO\MICROCONTROLADORES\LAB10\APLI2.ASM 14 : Found opcode in column 1. (call)
Warning[203] D:\INFORMES V CICLO\MICROCONTROLADORES\LAB10\APLI2.ASM 17 : Found opcode in column 1. (clrf)
Warning[203] D:\INFORMES V CICLO\MICROCONTROLADORES\LAB10\APLI2.ASM 18 : Found opcode in column 1. (clrf)
Warning[203] D:\INFORMES V CICLO\MICROCONTROLADORES\LAB10\APLI2.ASM 19 : Found opcode in column 1. (clrf)
Warning[203] D:\INFORMES V CICLO\MICROCONTROLADORES\LAB10\APLI2.ASM 20 : Found opcode in column 1. (clrf)
Warning[203] D:\INFORMES V CICLO\MICROCONTROLADORES\LAB10\APLI2.ASM 21 : Found opcode in column 1. (clrf)
Warning[203] D:\INFORMES V CICLO\MICROCONTROLADORES\LAB10\APLI2.ASM 23 : Found opcode in column 1. (movlw)
Warning[203] D:\INFORMES V CICLO\MICROCONTROLADORES\LAB10\APLI2.ASM 24 : Found opcode in column 1. (call)
Warning[206] D:\INFORMES V CICLO\MICROCONTROLADORES\LAB10\APLI2.ASM 25 : Found call to macro in column 1. (cursor)
Message[305] D:\INFORMES V CICLO\MICROCONTROLADORES\LAB10\APLI2.ASM 44 : Using default destination of 1 (file).
Message[305] D:\INFORMES V CICLO\MICROCONTROLADORES\LAB10\APLI2.ASM 57 : Using default destination of 1 (file).
Warning[205] D:\INFORMES V CICLO\MICROCONTROLADORES\LAB10\APLI2.ASM 166 : Found directive in column 1. (include)
Warning[205] D:\INFORMES V CICLO\MICROCONTROLADORES\LAB10\ELECTRONICPIC16F877.ASM 10 : Found directive in column 1. (cblock)
Warning[205] D:\INFORMES V CICLO\MICROCONTROLADORES\LAB10\ELECTRONICPIC16F877.ASM 17 : Found directive in column 1. (ENDC)
Warning[207] D:\INFORMES V CICLO\MICROCONTROLADORES\LAB10\ELECTRONICPIC16F877.ASM 24 : Found label after column 1. (xx)
Warning[207] D:\INFORMES V CICLO\MICROCONTROLADORES\LAB10\ELECTRONICPIC16F877.ASM 27 : Found label after column 1. (xx1)
Warning[207] D:\INFORMES V CICLO\MICROCONTROLADORES\LAB10\ELECTRONICPIC16F877.ASM 30 : Found label after column 1. (xx2)
Message[305] D:\INFORMES V CICLO\MICROCONTROLADORES\LAB10\ELECTRONICPIC16F877.ASM 33 : Using default destination of 1 (file).
Message[305] D:\INFORMES V CICLO\MICROCONTROLADORES\LAB10\ELECTRONICPIC16F877.ASM 35 : Using default destination of 1 (file).
Message[305] D:\INFORMES V CICLO\MICROCONTROLADORES\LAB10\ELECTRONICPIC16F877.ASM 37 : Using default destination of 1 (file).
Warning[207] D:\INFORMES V CICLO\MICROCONTROLADORES\LAB10\ELECTRONICPIC16F877.ASM 42 : Found label after column 1. (xxx)
Warning[207] D:\INFORMES V CICLO\MICROCONTROLADORES\LAB10\ELECTRONICPIC16F877.ASM 45 : Found label after column 1. (xxx1)
Warning[207] D:\INFORMES V CICLO\MICROCONTROLADORES\LAB10\ELECTRONICPIC16F877.ASM 48 : Found label after column 1. (xxx2)
Warning[207] D:\INFORMES V CICLO\MICROCONTROLADORES\LAB10\ELECTRONICPIC16F877.ASM 51 : Found label after column 1. (xxx3)
Message[305] D:\INFORMES V CICLO\MICROCONTROLADORES\LAB10\ELECTRONICPIC16F877.ASM 53 : Using default destination of 1 (file).
Message[305] D:\INFORMES V CICLO\MICROCONTROLADORES\LAB10\ELECTRONICPIC16F877.ASM 55 : Using default destination of 1 (file).
Message[305] D:\INFORMES V CICLO\MICROCONTROLADORES\LAB10\ELECTRONICPIC16F877.ASM 57 : Using default destination of 1 (file).
Message[305] D:\INFORMES V CICLO\MICROCONTROLADORES\LAB10\ELECTRONICPIC16F877.ASM 59 : Using default destination of 1 (file).
Warning[205] D:\INFORMES V CICLO\MICROCONTROLADORES\LAB10\APLI2.ASM 167 : Found directive in column 1. (include)
Warning[205] D:\INFORMES V CICLO\MICROCONTROLADORES\LAB10\ADC.ASM 9 : Found directive in column 1. (cblock)
Warning[205] D:\INFORMES V CICLO\MICROCONTROLADORES\LAB10\ADC.ASM 12 : Found directive in column 1. (ENDC)
Message[305] D:\INFORMES V CICLO\MICROCONTROLADORES\LAB10\ADC.ASM 28 : Using default destination of 1 (file).
Message[305] D:\INFORMES V CICLO\MICROCONTROLADORES\LAB10\ADC.ASM 29 : Using default destination of 1 (file).
Message[305] D:\INFORMES V CICLO\MICROCONTROLADORES\LAB10\ADC.ASM 53 : Using default destination of 1 (file).
Message[302] D:\INFORMES V CICLO\MICROCONTROLADORES\LAB10\ADC.ASM 53 : Register in operand not in bank 0.  Ensure that bank bits are correct.
Message[305] D:\INFORMES V CICLO\MICROCONTROLADORES\LAB10\ADC.ASM 54 : Using default destination of 1 (file).
Message[302] D:\INFORMES V CICLO\MICROCONTROLADORES\LAB10\ADC.ASM 54 : Register in operand not in bank 0.  Ensure that bank bits are correct.
Message[305] D:\INFORMES V CICLO\MICROCONTROLADORES\LAB10\ADC.ASM 55 : Using default destination of 1 (file).
Message[302] D:\INFORMES V CICLO\MICROCONTROLADORES\LAB10\ADC.ASM 55 : Register in operand not in bank 0.  Ensure that bank bits are correct.
Message[302] D:\INFORMES V CICLO\MICROCONTROLADORES\LAB10\ADC.ASM 56 : Register in operand not in bank 0.  Ensure that bank bits are correct.
Message[305] D:\INFORMES V CICLO\MICROCONTROLADORES\LAB10\ADC.ASM 62 : Using default destination of 1 (file).
Message[305] D:\INFORMES V CICLO\MICROCONTROLADORES\LAB10\ADC.ASM 63 : Using default destination of 1 (file).
Message[305] D:\INFORMES V CICLO\MICROCONTROLADORES\LAB10\ADC.ASM 66 : Using default destination of 1 (file).
Message[305] D:\INFORMES V CICLO\MICROCONTROLADORES\LAB10\ADC.ASM 67 : Using default destination of 1 (file).
Message[305] D:\INFORMES V CICLO\MICROCONTROLADORES\LAB10\ADC.ASM 68 : Using default destination of 1 (file).
Warning[205] D:\INFORMES V CICLO\MICROCONTROLADORES\LAB10\APLI2.ASM 168 : Found directive in column 1. (include)
Message[302] D:\INFORMES V CICLO\MICROCONTROLADORES\LAB10\LCD.ASM 102 : Register in operand not in bank 0.  Ensure that bank bits are correct.
Message[302] D:\INFORMES V CICLO\MICROCONTROLADORES\LAB10\LCD.ASM 125 : Register in operand not in bank 0.  Ensure that bank bits are correct.
Message[302] D:\INFORMES V CICLO\MICROCONTROLADORES\LAB10\LCD.ASM 144 : Register in operand not in bank 0.  Ensure that bank bits are correct.
Message[302] D:\INFORMES V CICLO\MICROCONTROLADORES\LAB10\LCD.ASM 145 : Register in operand not in bank 0.  Ensure that bank bits are correct.
Message[302] D:\INFORMES V CICLO\MICROCONTROLADORES\LAB10\LCD.ASM 146 : Register in operand not in bank 0.  Ensure that bank bits are correct.
Message[302] D:\INFORMES V CICLO\MICROCONTROLADORES\LAB10\LCD.ASM 147 : Register in operand not in bank 0.  Ensure that bank bits are correct.
Warning[205] D:\INFORMES V CICLO\MICROCONTROLADORES\LAB10\APLI2.ASM 169 : Found directive in column 1. (include)
Warning[205] D:\INFORMES V CICLO\MICROCONTROLADORES\LAB10\MENSAJE.ASM 9 : Found directive in column 1. (cblock)
Warning[205] D:\INFORMES V CICLO\MICROCONTROLADORES\LAB10\MENSAJE.ASM 14 : Found directive in column 1. (ENDC)
Message[305] D:\INFORMES V CICLO\MICROCONTROLADORES\LAB10\MACRO16F877.INC 194 : Using default destination of 1 (file).
Message[305] D:\INFORMES V CICLO\MICROCONTROLADORES\LAB10\MENSAJE.ASM 68 : Using default destination of 1 (file).
Message[305] D:\INFORMES V CICLO\MICROCONTROLADORES\LAB10\MACRO16F877.INC 194 : Using default destination of 1 (file).
Message[305] D:\INFORMES V CICLO\MICROCONTROLADORES\LAB10\MENSAJE.ASM 74 : Using default destination of 1 (file).
Message[305] D:\INFORMES V CICLO\MICROCONTROLADORES\LAB10\MACRO16F877.INC 194 : Using default destination of 1 (file).
Message[305] D:\INFORMES V CICLO\MICROCONTROLADORES\LAB10\MENSAJE.ASM 80 : Using default destination of 1 (file).
Message[305] D:\INFORMES V CICLO\MICROCONTROLADORES\LAB10\MACRO16F877.INC 194 : Using default destination of 1 (file).
Message[305] D:\INFORMES V CICLO\MICROCONTROLADORES\LAB10\MENSAJE.ASM 86 : Using default destination of 1 (file).
Message[305] D:\INFORMES V CICLO\MICROCONTROLADORES\LAB10\MACRO16F877.INC 194 : Using default destination of 1 (file).
Message[305] D:\INFORMES V CICLO\MICROCONTROLADORES\LAB10\MENSAJE.ASM 92 : Using default destination of 1 (file).
Message[305] D:\INFORMES V CICLO\MICROCONTROLADORES\LAB10\MACRO16F877.INC 194 : Using default destination of 1 (file).
Message[305] D:\INFORMES V CICLO\MICROCONTROLADORES\LAB10\MENSAJE.ASM 98 : Using default destination of 1 (file).
Message[305] D:\INFORMES V CICLO\MICROCONTROLADORES\LAB10\MACRO16F877.INC 194 : Using default destination of 1 (file).
Message[305] D:\INFORMES V CICLO\MICROCONTROLADORES\LAB10\MENSAJE.ASM 104 : Using default destination of 1 (file).
Message[305] D:\INFORMES V CICLO\MICROCONTROLADORES\LAB10\MACRO16F877.INC 194 : Using default destination of 1 (file).
Message[305] D:\INFORMES V CICLO\MICROCONTROLADORES\LAB10\MENSAJE.ASM 110 : Using default destination of 1 (file).
Message[305] D:\INFORMES V CICLO\MICROCONTROLADORES\LAB10\MACRO16F877.INC 194 : Using default destination of 1 (file).
Message[305] D:\INFORMES V CICLO\MICROCONTROLADORES\LAB10\MENSAJE.ASM 116 : Using default destination of 1 (file).
Message[305] D:\INFORMES V CICLO\MICROCONTROLADORES\LAB10\MACRO16F877.INC 194 : Using default destination of 1 (file).
Message[305] D:\INFORMES V CICLO\MICROCONTROLADORES\LAB10\MENSAJE.ASM 122 : Using default destination of 1 (file).
Message[305] D:\INFORMES V CICLO\MICROCONTROLADORES\LAB10\MACRO16F877.INC 194 : Using default destination of 1 (file).
Message[305] D:\INFORMES V CICLO\MICROCONTROLADORES\LAB10\MENSAJE.ASM 128 : Using default destination of 1 (file).
Message[305] D:\INFORMES V CICLO\MICROCONTROLADORES\LAB10\MACRO16F877.INC 194 : Using default destination of 1 (file).
Message[305] D:\INFORMES V CICLO\MICROCONTROLADORES\LAB10\MENSAJE.ASM 134 : Using default destination of 1 (file).
Message[305] D:\INFORMES V CICLO\MICROCONTROLADORES\LAB10\MACRO16F877.INC 194 : Using default destination of 1 (file).
Message[305] D:\INFORMES V CICLO\MICROCONTROLADORES\LAB10\MENSAJE.ASM 140 : Using default destination of 1 (file).
Message[305] D:\INFORMES V CICLO\MICROCONTROLADORES\LAB10\MACRO16F877.INC 194 : Using default destination of 1 (file).
Message[305] D:\INFORMES V CICLO\MICROCONTROLADORES\LAB10\MENSAJE.ASM 146 : Using default destination of 1 (file).
Message[305] D:\INFORMES V CICLO\MICROCONTROLADORES\LAB10\MACRO16F877.INC 194 : Using default destination of 1 (file).
Message[305] D:\INFORMES V CICLO\MICROCONTROLADORES\LAB10\MENSAJE.ASM 152 : Using default destination of 1 (file).
Warning[205] D:\INFORMES V CICLO\MICROCONTROLADORES\LAB10\APLI2.ASM 170 : Found directive in column 1. (end)
