Warning[205] D:\INFORMES V CICLO\MICROCONTROLADORES\LAB9\APLICACION.ASM 1 : Found directive in column 1. (list)
Warning[205] D:\INFORMES V CICLO\MICROCONTROLADORES\LAB9\APLICACION.ASM 2 : Found directive in column 1. (include)
Warning[205] D:\INFORMES V CICLO\MICROCONTROLADORES\LAB9\APLICACION.ASM 3 : Found directive in column 1. (include)
Warning[207] D:\INFORMES V CICLO\MICROCONTROLADORES\LAB9\MACRO16F877.INC 131 : Found label after column 1. (InicioLcd)
Warning[207] D:\INFORMES V CICLO\MICROCONTROLADORES\LAB9\MACRO16F877.INC 135 : Found label after column 1. (ponerc)
Warning[207] D:\INFORMES V CICLO\MICROCONTROLADORES\LAB9\MACRO16F877.INC 140 : Found label after column 1. (putv)
Warning[207] D:\INFORMES V CICLO\MICROCONTROLADORES\LAB9\MACRO16F877.INC 145 : Found label after column 1. (cursor)
Warning[207] D:\INFORMES V CICLO\MICROCONTROLADORES\LAB9\MACRO16F877.INC 164 : Found label after column 1. (enter)
Warning[207] D:\INFORMES V CICLO\MICROCONTROLADORES\LAB9\MACRO16F877.INC 169 : Found label after column 1. (borralcd)
Warning[207] D:\INFORMES V CICLO\MICROCONTROLADORES\LAB9\MACRO16F877.INC 174 : Found label after column 1. (desplazaderecha)
Warning[207] D:\INFORMES V CICLO\MICROCONTROLADORES\LAB9\MACRO16F877.INC 179 : Found label after column 1. (desplazaizquierda)
Warning[205] D:\INFORMES V CICLO\MICROCONTROLADORES\LAB9\APLICACION.ASM 4 : Found directive in column 1. (__config)
Warning[205] D:\INFORMES V CICLO\MICROCONTROLADORES\LAB9\APLICACION.ASM 5 : Found directive in column 1. (cblock)
Warning[205] D:\INFORMES V CICLO\MICROCONTROLADORES\LAB9\APLICACION.ASM 9 : Found directive in column 1. (ENDC)
Message[302] D:\INFORMES V CICLO\MICROCONTROLADORES\LAB9\APLICACION.ASM 16 : Register in operand not in bank 0.  Ensure that bank bits are correct.
Message[302] D:\INFORMES V CICLO\MICROCONTROLADORES\LAB9\APLICACION.ASM 17 : Register in operand not in bank 0.  Ensure that bank bits are correct.
Message[302] D:\INFORMES V CICLO\MICROCONTROLADORES\LAB9\APLICACION.ASM 18 : Register in operand not in bank 0.  Ensure that bank bits are correct.
Message[305] D:\INFORMES V CICLO\MICROCONTROLADORES\LAB9\APLICACION.ASM 47 : Using default destination of 1 (file).
Message[305] D:\INFORMES V CICLO\MICROCONTROLADORES\LAB9\APLICACION.ASM 57 : Using default destination of 1 (file).
Warning[205] D:\INFORMES V CICLO\MICROCONTROLADORES\LAB9\APLICACION.ASM 73 : Found directive in column 1. (include)
Warning[205] D:\INFORMES V CICLO\MICROCONTROLADORES\LAB9\ELECTRONICPIC16F877.ASM 10 : Found directive in column 1. (cblock)
Warning[205] D:\INFORMES V CICLO\MICROCONTROLADORES\LAB9\ELECTRONICPIC16F877.ASM 17 : Found directive in column 1. (ENDC)
Warning[207] D:\INFORMES V CICLO\MICROCONTROLADORES\LAB9\ELECTRONICPIC16F877.ASM 24 : Found label after column 1. (xx)
Warning[207] D:\INFORMES V CICLO\MICROCONTROLADORES\LAB9\ELECTRONICPIC16F877.ASM 27 : Found label after column 1. (xx1)
Warning[207] D:\INFORMES V CICLO\MICROCONTROLADORES\LAB9\ELECTRONICPIC16F877.ASM 30 : Found label after column 1. (xx2)
Message[305] D:\INFORMES V CICLO\MICROCONTROLADORES\LAB9\ELECTRONICPIC16F877.ASM 33 : Using default destination of 1 (file).
Message[305] D:\INFORMES V CICLO\MICROCONTROLADORES\LAB9\ELECTRONICPIC16F877.ASM 35 : Using default destination of 1 (file).
Message[305] D:\INFORMES V CICLO\MICROCONTROLADORES\LAB9\ELECTRONICPIC16F877.ASM 37 : Using default destination of 1 (file).
Warning[207] D:\INFORMES V CICLO\MICROCONTROLADORES\LAB9\ELECTRONICPIC16F877.ASM 42 : Found label after column 1. (xxx)
Warning[207] D:\INFORMES V CICLO\MICROCONTROLADORES\LAB9\ELECTRONICPIC16F877.ASM 45 : Found label after column 1. (xxx1)
Warning[207] D:\INFORMES V CICLO\MICROCONTROLADORES\LAB9\ELECTRONICPIC16F877.ASM 48 : Found label after column 1. (xxx2)
Warning[207] D:\INFORMES V CICLO\MICROCONTROLADORES\LAB9\ELECTRONICPIC16F877.ASM 51 : Found label after column 1. (xxx3)
Message[305] D:\INFORMES V CICLO\MICROCONTROLADORES\LAB9\ELECTRONICPIC16F877.ASM 53 : Using default destination of 1 (file).
Message[305] D:\INFORMES V CICLO\MICROCONTROLADORES\LAB9\ELECTRONICPIC16F877.ASM 55 : Using default destination of 1 (file).
Message[305] D:\INFORMES V CICLO\MICROCONTROLADORES\LAB9\ELECTRONICPIC16F877.ASM 57 : Using default destination of 1 (file).
Message[305] D:\INFORMES V CICLO\MICROCONTROLADORES\LAB9\ELECTRONICPIC16F877.ASM 59 : Using default destination of 1 (file).
Warning[205] D:\INFORMES V CICLO\MICROCONTROLADORES\LAB9\APLICACION.ASM 74 : Found directive in column 1. (include)
Warning[205] D:\INFORMES V CICLO\MICROCONTROLADORES\LAB9\INTERRUPCION.ASM 10 : Found directive in column 1. (cblock)
Warning[205] D:\INFORMES V CICLO\MICROCONTROLADORES\LAB9\INTERRUPCION.ASM 11 : Found directive in column 1. (ENDC)
Message[302] D:\INFORMES V CICLO\MICROCONTROLADORES\LAB9\MACRO16F877.INC 26 : Register in operand not in bank 0.  Ensure that bank bits are correct.
Warning[205] D:\INFORMES V CICLO\MICROCONTROLADORES\LAB9\APLICACION.ASM 75 : Found directive in column 1. (end)
